<?xml version="1.0" encoding="utf-8"?><testsuites name="pytest tests"><testsuite name="pytest" errors="0" failures="0" skipped="0" tests="20" time="6.876" timestamp="2026-06-19T07:11:26.329545+00:00" hostname="agent-env-f33c1494-ae5f-4d95-bc77-8853e69d8e5a"><testcase classname="backend.tests.test_lawanglimo_api.TestHealth" name="test_root" time="0.723" /><testcase classname="backend.tests.test_lawanglimo_api.TestAuth" name="test_login_success" time="0.460" /><testcase classname="backend.tests.test_lawanglimo_api.TestAuth" name="test_login_wrong_password" time="0.256" /><testcase classname="backend.tests.test_lawanglimo_api.TestAuth" name="test_login_wrong_user" time="0.028" /><testcase classname="backend.tests.test_lawanglimo_api.TestAuth" name="test_me_with_token" time="0.279" /><testcase classname="backend.tests.test_lawanglimo_api.TestAuth" name="test_me_without_token" time="0.027" /><testcase classname="backend.tests.test_lawanglimo_api.TestAuth" name="test_me_invalid_token" time="0.026" /><testcase classname="backend.tests.test_lawanglimo_api.TestAuth" name="test_change_credentials_wrong_current_password" time="0.259" /><testcase classname="backend.tests.test_lawanglimo_api.TestAuth" name="test_change_password_flow_then_revert" time="1.758" /><testcase classname="backend.tests.test_lawanglimo_api.TestCategories" name="test_category_crud" time="0.221" /><testcase classname="backend.tests.test_lawanglimo_api.TestCategories" name="test_category_requires_auth" time="0.083" /><testcase classname="backend.tests.test_lawanglimo_api.TestProducts" name="test_product_crud_and_discount_hidden" time="0.600" /><testcase classname="backend.tests.test_lawanglimo_api.TestProducts" name="test_create_product_requires_auth" time="0.090" /><testcase classname="backend.tests.test_lawanglimo_api.TestProducts" name="test_list_products_filter_by_category" time="0.200" /><testcase classname="backend.tests.test_lawanglimo_api.TestSlides" name="test_get_slides_returns_three" time="0.110" /><testcase classname="backend.tests.test_lawanglimo_api.TestSlides" name="test_update_slides" time="0.265" /><testcase classname="backend.tests.test_lawanglimo_api.TestSlides" name="test_update_slides_requires_auth" time="0.062" /><testcase classname="backend.tests.test_lawanglimo_api.TestDiscount" name="test_validate_valid_and_invalid_code" time="0.353" /><testcase classname="backend.tests.test_lawanglimo_api.TestUpload" name="test_upload_and_serve" time="0.918" /><testcase classname="backend.tests.test_lawanglimo_api.TestUpload" name="test_upload_requires_auth" time="0.072" /></testsuite></testsuites>